#
# There is insufficient memory for the Java Runtime Environment to continue.
# Native memory allocation (malloc) failed to allocate 326496 bytes for Chunk::new
# Possible reasons:
#   The system is out of physical RAM or swap space
#   In 32 bit mode, the process size limit was hit
# Possible solutions:
#   Reduce memory load on the system
#   Increase physical memory or swap space
#   Check if swap backing store is full
#   Use 64 bit Java on a 64 bit OS
#   Decrease Java heap size (-Xmx/-Xms)
#   Decrease number of Java threads
#   Decrease Java thread stack sizes (-Xss)
#   Set larger code cache with -XX:ReservedCodeCacheSize=
# This output file may be truncated or incomplete.
#
#  Out of Memory Error (allocation.cpp:390), pid=19124, tid=0x00000000000040b8
#
# JRE version: Java(TM) SE Runtime Environment (8.0_172-b11) (build 1.8.0_172-b11)
# Java VM: Java HotSpot(TM) 64-Bit Server VM (25.172-b11 mixed mode windows-amd64 compressed oops)
# Failed to write core dump. Minidumps are not enabled by default on client versions of Windows
#

---------------  T H R E A D  ---------------

Current thread (0x00000000160fc800):  JavaThread "C2 CompilerThread1" daemon [_thread_in_native, id=16568, stack(0x0000000017770000,0x0000000017870000)]

Stack: [0x0000000017770000,0x0000000017870000]
[error occurred during error reporting (printing stack bounds), id 0xc0000005]

Native frames: (J=compiled Java code, j=interpreted, Vv=VM code, C=native code)


Current CompileTask:
C2:   6584 3319       4       org.objectweb.asm.Frame::execute (2318 bytes)


---------------  P R O C E S S  ---------------

Java Threads: ( => current thread )
  0x000000001af05000 JavaThread "pool-1-thread-1" [_thread_blocked, id=18644, stack(0x0000000020830000,0x0000000020930000)]
  0x000000001af0b000 JavaThread "Build operations Thread 4" [_thread_blocked, id=19176, stack(0x0000000020330000,0x0000000020430000)]
  0x000000001af0c000 JavaThread "Build operations Thread 3" [_thread_blocked, id=17752, stack(0x0000000020230000,0x0000000020330000)]
  0x000000001af04800 JavaThread "Build operations Thread 2" [_thread_blocked, id=7608, stack(0x0000000020130000,0x0000000020230000)]
  0x000000001af06800 JavaThread "Build operations" [_thread_blocked, id=13852, stack(0x0000000020030000,0x0000000020130000)]
  0x0000000019162800 JavaThread "Cache worker for Artifact transforms cache (C:\Users\Farah\.gradle\caches\transforms-1)" [_thread_blocked, id=9908, stack(0x000000001fa80000,0x000000001fb80000)]
  0x0000000019168800 JavaThread "Cache worker for cache directory md-rule (C:\Users\Farah\.gradle\caches\4.10.1\md-rule)" [_thread_blocked, id=18560, stack(0x000000001f860000,0x000000001f960000)]
  0x0000000019167000 JavaThread "Cache worker for cache directory md-supplier (C:\Users\Farah\.gradle\caches\4.10.1\md-supplier)" [_thread_blocked, id=17624, stack(0x000000001f760000,0x000000001f860000)]
  0x0000000019165800 JavaThread "Cache worker for journal cache (C:\Users\Farah\.gradle\caches\journal-1)" [_thread_blocked, id=2152, stack(0x000000001ce60000,0x000000001cf60000)]
  0x0000000019164800 JavaThread "Cache worker for file hash cache (C:\Users\Farah\Documents\MWT_local\WPR\LibaraySearch\.gradle\4.10.1\fileHashes)" [_thread_blocked, id=13448, stack(0x000000001bc90000,0x000000001bd90000)]
  0x0000000019164000 JavaThread "File lock request listener" [_thread_in_native, id=15480, stack(0x000000001bb90000,0x000000001bc90000)]
  0x0000000019163000 JavaThread "Cache worker for file hash cache (C:\Users\Farah\.gradle\caches\4.10.1\fileHashes)" [_thread_blocked, id=7328, stack(0x000000001ba90000,0x000000001bb90000)]
  0x0000000019038800 JavaThread "Stdin handler" [_thread_blocked, id=5628, stack(0x000000001a7c0000,0x000000001a8c0000)]
  0x0000000019038000 JavaThread "Asynchronous log dispatcher for DefaultDaemonConnection: socket connection from /127.0.0.1:61693 to /127.0.0.1:61694" [_thread_blocked, id=5796, stack(0x000000001a6c0000,0x000000001a7c0000)]
  0x0000000019025800 JavaThread "Daemon worker" [_thread_in_Java, id=2200, stack(0x000000001a5c0000,0x000000001a6c0000)]
  0x0000000019024800 JavaThread "Cancel handler" [_thread_blocked, id=9360, stack(0x000000001a4c0000,0x000000001a5c0000)]
  0x0000000018ffc000 JavaThread "Handler for socket connection from /127.0.0.1:61693 to /127.0.0.1:61694" [_thread_in_native, id=13636, stack(0x000000001a1c0000,0x000000001a2c0000)]
  0x0000000018ffb000 JavaThread "Daemon" [_thread_blocked, id=17320, stack(0x000000001a0c0000,0x000000001a1c0000)]
  0x0000000019088800 JavaThread "Daemon periodic checks" [_thread_blocked, id=16224, stack(0x0000000019fc0000,0x000000001a0c0000)]
  0x0000000018e37000 JavaThread "Incoming local TCP Connector on port 61693" [_thread_in_native, id=9760, stack(0x0000000019d80000,0x0000000019e80000)]
  0x0000000018bcf800 JavaThread "Daemon health stats" [_thread_blocked, id=20380, stack(0x0000000019740000,0x0000000019840000)]
  0x00000000179ea800 JavaThread "Service Thread" daemon [_thread_blocked, id=3108, stack(0x0000000017d70000,0x0000000017e70000)]
  0x00000000160ff800 JavaThread "C1 CompilerThread2" daemon [_thread_blocked, id=2876, stack(0x0000000017870000,0x0000000017970000)]
=>0x00000000160fc800 JavaThread "C2 CompilerThread1" daemon [_thread_in_native, id=16568, stack(0x0000000017770000,0x0000000017870000)]
  0x00000000160f9000 JavaThread "C2 CompilerThread0" daemon [_thread_in_native, id=364, stack(0x0000000017670000,0x0000000017770000)]
  0x00000000160f7800 JavaThread "Attach Listener" daemon [_thread_blocked, id=7652, stack(0x0000000017570000,0x0000000017670000)]
  0x0000000016145800 JavaThread "Signal Dispatcher" daemon [_thread_blocked, id=11672, stack(0x0000000017470000,0x0000000017570000)]
  0x000000000277c000 JavaThread "Finalizer" daemon [_thread_blocked, id=11640, stack(0x0000000017370000,0x0000000017470000)]
  0x0000000002773000 JavaThread "Reference Handler" daemon [_thread_blocked, id=15224, stack(0x0000000017270000,0x0000000017370000)]
  0x000000000247e800 JavaThread "main" [_thread_blocked, id=19460, stack(0x0000000002580000,0x0000000002680000)]

Other Threads:
  0x00000000160b8000 VMThread [stack: 0x0000000017170000,0x0000000017270000] [id=19120]
  0x0000000017a17000 WatcherThread [stack: 0x0000000017e70000,0x0000000017f70000] [id=19372]

VM state:not at safepoint (normal execution)

VM Mutex/Monitor currently owned by a thread: None

Heap:
 PSYoungGen      total 147456K, used 42914K [0x00000000e0000000, 0x00000000ee880000, 0x0000000100000000)
  eden space 133120K, 32% used [0x00000000e0000000,0x00000000e29e8b28,0x00000000e8200000)
  from space 14336K, 0% used [0x00000000e9000000,0x00000000e9000000,0x00000000e9e00000)
  to   space 14336K, 0% used [0x00000000e8200000,0x00000000e8200000,0x00000000e9000000)
 ParOldGen       total 152576K, used 15257K [0x00000000a0000000, 0x00000000a9500000, 0x00000000e0000000)
  object space 152576K, 10% used [0x00000000a0000000,0x00000000a0ee6798,0x00000000a9500000)
 Metaspace       used 39233K, capacity 39800K, committed 40064K, reserved 1083392K
  class space    used 5501K, capacity 5722K, committed 5760K, reserved 1048576K

Card table byte_map: [0x0000000011b40000,0x0000000011e50000] byte_map_base: 0x0000000011640000

Marking Bits: (ParMarkBitMap*) 0x00000000683e3c10
 Begin Bits: [0x0000000012450000, 0x0000000013c50000)
 End Bits:   [0x0000000013c50000, 0x0000000015450000)

Polling page: 0x0000000000b30000

CodeCache: size=245760Kb used=11276Kb max_used=11276Kb free=234483Kb
 bounds [0x0000000002780000, 0x00000000032a0000, 0x0000000011780000]
 total_blobs=3914 nmethods=3187 adapters=638
 compilation: enabled

Compilation events (10 events):
Event: 6.541 Thread 0x00000000160ff800 3420       2       sun.security.util.DerInputBuffer::truncate (29 bytes)
Event: 6.541 Thread 0x00000000160ff800 nmethod 3420 0x000000000296ce90 code [0x000000000296d000, 0x000000000296d388]
Event: 6.549 Thread 0x00000000160ff800 3423       2       java.math.MutableBigInteger::compare (106 bytes)
Event: 6.549 Thread 0x00000000160ff800 nmethod 3423 0x0000000002c22910 code [0x0000000002c22a80, 0x0000000002c22d30]
Event: 6.549 Thread 0x00000000160ff800 3422       2       java.math.BigInteger::bitLengthForInt (8 bytes)
Event: 6.549 Thread 0x00000000160ff800 nmethod 3422 0x000000000296cb50 code [0x000000000296cca0, 0x000000000296ce08]
Event: 6.550 Thread 0x00000000160ff800 3424       2       java.math.BigInteger::squareToLen (33 bytes)
Event: 6.550 Thread 0x00000000160ff800 nmethod 3424 0x0000000002c22450 code [0x0000000002c225c0, 0x0000000002c22818]
Event: 6.551 Thread 0x00000000160ff800 3425       2       java.math.BigInteger::implSquareToLenChecks (198 bytes)
Event: 6.551 Thread 0x00000000160ff800 nmethod 3425 0x0000000002c20750 code [0x0000000002c20a60, 0x0000000002c21978]

GC Heap History (10 events):
Event: 2.624 GC heap before
{Heap before GC invocations=4 (full 1):
 PSYoungGen      total 76288K, used 10490K [0x00000000e0000000, 0x00000000e9500000, 0x0000000100000000)
  eden space 65536K, 0% used [0x00000000e0000000,0x00000000e0000000,0x00000000e4000000)
  from space 10752K, 97% used [0x00000000e4000000,0x00000000e4a3eb68,0x00000000e4a80000)
  to   space 10752K, 0% used [0x00000000e8a80000,0x00000000e8a80000,0x00000000e9500000)
 ParOldGen       total 175104K, used 73K [0x00000000a0000000, 0x00000000aab00000, 0x00000000e0000000)
  object space 175104K, 0% used [0x00000000a0000000,0x00000000a0012450,0x00000000aab00000)
 Metaspace       used 20755K, capacity 21202K, committed 21296K, reserved 1067008K
  class space    used 2984K, capacity 3181K, committed 3200K, reserved 1048576K
Event: 2.674 GC heap after
Heap after GC invocations=4 (full 1):
 PSYoungGen      total 76288K, used 0K [0x00000000e0000000, 0x00000000e9500000, 0x0000000100000000)
  eden space 65536K, 0% used [0x00000000e0000000,0x00000000e0000000,0x00000000e4000000)
  from space 10752K, 0% used [0x00000000e4000000,0x00000000e4000000,0x00000000e4a80000)
  to   space 10752K, 0% used [0x00000000e8a80000,0x00000000e8a80000,0x00000000e9500000)
 ParOldGen       total 111104K, used 10209K [0x00000000a0000000, 0x00000000a6c80000, 0x00000000e0000000)
  object space 111104K, 9% used [0x00000000a0000000,0x00000000a09f8600,0x00000000a6c80000)
 Metaspace       used 20755K, capacity 21202K, committed 21296K, reserved 1067008K
  class space    used 2984K, capacity 3181K, committed 3200K, reserved 1048576K
}
Event: 3.889 GC heap before
{Heap before GC invocations=5 (full 1):
 PSYoungGen      total 76288K, used 65536K [0x00000000e0000000, 0x00000000e9500000, 0x0000000100000000)
  eden space 65536K, 100% used [0x00000000e0000000,0x00000000e4000000,0x00000000e4000000)
  from space 10752K, 0% used [0x00000000e4000000,0x00000000e4000000,0x00000000e4a80000)
  to   space 10752K, 0% used [0x00000000e8a80000,0x00000000e8a80000,0x00000000e9500000)
 ParOldGen       total 111104K, used 10209K [0x00000000a0000000, 0x00000000a6c80000, 0x00000000e0000000)
  object space 111104K, 9% used [0x00000000a0000000,0x00000000a09f8600,0x00000000a6c80000)
 Metaspace       used 27305K, capacity 27776K, committed 27904K, reserved 1073152K
  class space    used 3810K, capacity 4000K, committed 4096K, reserved 1048576K
Event: 3.901 GC heap after
Heap after GC invocations=5 (full 1):
 PSYoungGen      total 101888K, used 7126K [0x00000000e0000000, 0x00000000e9180000, 0x0000000100000000)
  eden space 94720K, 0% used [0x00000000e0000000,0x00000000e0000000,0x00000000e5c80000)
  from space 7168K, 99% used [0x00000000e8a80000,0x00000000e9175990,0x00000000e9180000)
  to   space 10752K, 0% used [0x00000000e7c80000,0x00000000e7c80000,0x00000000e8700000)
 ParOldGen       total 111104K, used 10217K [0x00000000a0000000, 0x00000000a6c80000, 0x00000000e0000000)
  object space 111104K, 9% used [0x00000000a0000000,0x00000000a09fa600,0x00000000a6c80000)
 Metaspace       used 27305K, capacity 27776K, committed 27904K, reserved 1073152K
  class space    used 3810K, capacity 4000K, committed 4096K, reserved 1048576K
}
Event: 5.967 GC heap before
{Heap before GC invocations=6 (full 1):
 PSYoungGen      total 101888K, used 101846K [0x00000000e0000000, 0x00000000e9180000, 0x0000000100000000)
  eden space 94720K, 100% used [0x00000000e0000000,0x00000000e5c80000,0x00000000e5c80000)
  from space 7168K, 99% used [0x00000000e8a80000,0x00000000e9175990,0x00000000e9180000)
  to   space 10752K, 0% used [0x00000000e7c80000,0x00000000e7c80000,0x00000000e8700000)
 ParOldGen       total 111104K, used 10217K [0x00000000a0000000, 0x00000000a6c80000, 0x00000000e0000000)
  object space 111104K, 9% used [0x00000000a0000000,0x00000000a09fa600,0x00000000a6c80000)
 Metaspace       used 33810K, capacity 34364K, committed 34560K, reserved 1079296K
  class space    used 4836K, capacity 5044K, committed 5120K, reserved 1048576K
Event: 5.981 GC heap after
Heap after GC invocations=6 (full 1):
 PSYoungGen      total 138240K, used 10731K [0x00000000e0000000, 0x00000000e9e00000, 0x0000000100000000)
  eden space 127488K, 0% used [0x00000000e0000000,0x00000000e0000000,0x00000000e7c80000)
  from space 10752K, 99% used [0x00000000e7c80000,0x00000000e86fac20,0x00000000e8700000)
  to   space 14336K, 0% used [0x00000000e9000000,0x00000000e9000000,0x00000000e9e00000)
 ParOldGen       total 111104K, used 12224K [0x00000000a0000000, 0x00000000a6c80000, 0x00000000e0000000)
  object space 111104K, 11% used [0x00000000a0000000,0x00000000a0bf0208,0x00000000a6c80000)
 Metaspace       used 33810K, capacity 34364K, committed 34560K, reserved 1079296K
  class space    used 4836K, capacity 5044K, committed 5120K, reserved 1048576K
}
Event: 6.067 GC heap before
{Heap before GC invocations=7 (full 1):
 PSYoungGen      total 138240K, used 17055K [0x00000000e0000000, 0x00000000e9e00000, 0x0000000100000000)
  eden space 127488K, 4% used [0x00000000e0000000,0x00000000e062cff8,0x00000000e7c80000)
  from space 10752K, 99% used [0x00000000e7c80000,0x00000000e86fac20,0x00000000e8700000)
  to   space 14336K, 0% used [0x00000000e9000000,0x00000000e9000000,0x00000000e9e00000)
 ParOldGen       total 111104K, used 12224K [0x00000000a0000000, 0x00000000a6c80000, 0x00000000e0000000)
  object space 111104K, 11% used [0x00000000a0000000,0x00000000a0bf0208,0x00000000a6c80000)
 Metaspace       used 34768K, capacity 35278K, committed 35456K, reserved 1079296K
  class space    used 4961K, capacity 5157K, committed 5248K, reserved 1048576K
Event: 6.076 GC heap after
Heap after GC invocations=7 (full 1):
 PSYoungGen      total 147456K, used 8215K [0x00000000e0000000, 0x00000000ee880000, 0x0000000100000000)
  eden space 133120K, 0% used [0x00000000e0000000,0x00000000e0000000,0x00000000e8200000)
  from space 14336K, 57% used [0x00000000e9000000,0x00000000e9805f68,0x00000000e9e00000)
  to   space 14336K, 0% used [0x00000000e8200000,0x00000000e8200000,0x00000000e9000000)
 ParOldGen       total 111104K, used 12224K [0x00000000a0000000, 0x00000000a6c80000, 0x00000000e0000000)
  object space 111104K, 11% used [0x00000000a0000000,0x00000000a0bf0208,0x00000000a6c80000)
 Metaspace       used 34768K, capacity 35278K, committed 35456K, reserved 1079296K
  class space    used 4961K, capacity 5157K, committed 5248K, reserved 1048576K
}
Event: 6.076 GC heap before
{Heap before GC invocations=8 (full 2):
 PSYoungGen      total 147456K, used 8215K [0x00000000e0000000, 0x00000000ee880000, 0x0000000100000000)
  eden space 133120K, 0% used [0x00000000e0000000,0x00000000e0000000,0x00000000e8200000)
  from space 14336K, 57% used [0x00000000e9000000,0x00000000e9805f68,0x00000000e9e00000)
  to   space 14336K, 0% used [0x00000000e8200000,0x00000000e8200000,0x00000000e9000000)
 ParOldGen       total 111104K, used 12224K [0x00000000a0000000, 0x00000000a6c80000, 0x00000000e0000000)
  object space 111104K, 11% used [0x00000000a0000000,0x00000000a0bf0208,0x00000000a6c80000)
 Metaspace       used 34768K, capacity 35278K, committed 35456K, reserved 1079296K
  class space    used 4961K, capacity 5157K, committed 5248K, reserved 1048576K
Event: 6.136 GC heap after
Heap after GC invocations=8 (full 2):
 PSYoungGen      total 147456K, used 0K [0x00000000e0000000, 0x00000000ee880000, 0x0000000100000000)
  eden space 133120K, 0% used [0x00000000e0000000,0x00000000e0000000,0x00000000e8200000)
  from space 14336K, 0% used [0x00000000e9000000,0x00000000e9000000,0x00000000e9e00000)
  to   space 14336K, 0% used [0x00000000e8200000,0x00000000e8200000,0x00000000e9000000)
 ParOldGen       total 152576K, used 15257K [0x00000000a0000000, 0x00000000a9500000, 0x00000000e0000000)
  object space 152576K, 10% used [0x00000000a0000000,0x00000000a0ee6798,0x00000000a9500000)
 Metaspace       used 34768K, capacity 35278K, committed 35456K, reserved 1079296K
  class space    used 4961K, capacity 5157K, committed 5248K, reserved 1048576K
}

Deoptimization events (10 events):
Event: 5.631 Thread 0x0000000019025800 Uncommon trap: reason=range_check action=make_not_entrant pc=0x000000000307d76c method=java.lang.String.charAt(I)C @ 27
Event: 5.916 Thread 0x0000000019025800 Uncommon trap: reason=unstable_if action=reinterpret pc=0x000000000289e224 method=java.lang.Integer.valueOf(I)Ljava/lang/Integer; @ 3
Event: 5.958 Thread 0x0000000019025800 Uncommon trap: reason=unstable_if action=reinterpret pc=0x0000000002dc6b84 method=sun.misc.MetaIndex.mayContain(Ljava/lang/String;)Z @ 38
Event: 5.960 Thread 0x0000000019025800 Uncommon trap: reason=unstable_if action=reinterpret pc=0x000000000325584c method=java.security.CodeSource.hashCode()I @ 4
Event: 6.461 Thread 0x0000000019025800 Uncommon trap: reason=unstable_if action=reinterpret pc=0x0000000002fb129c method=java.util.HashMap.putVal(ILjava/lang/Object;Ljava/lang/Object;ZZ)Ljava/lang/Object; @ 236
Event: 6.477 Thread 0x0000000019025800 Uncommon trap: reason=unstable_if action=reinterpret pc=0x0000000002c18a7c method=java.lang.CharacterDataLatin1.isWhitespace(I)Z @ 14
Event: 6.514 Thread 0x0000000019025800 Uncommon trap: reason=unstable_if action=reinterpret pc=0x00000000028e5550 method=java.util.jar.JarFile$JarFileEntry.getCodeSigners()[Ljava/security/CodeSigner; @ 24
Event: 6.515 Thread 0x0000000019025800 Uncommon trap: reason=unstable_if action=reinterpret pc=0x0000000002da15ec method=java.security.CodeSource.getCertificates()[Ljava/security/cert/Certificate; @ 22
Event: 6.515 Thread 0x0000000019025800 Uncommon trap: reason=unstable_if action=reinterpret pc=0x0000000002906ac4 method=java.security.CodeSource.matchCerts(Ljava/security/CodeSource;Z)Z @ 11
Event: 6.535 Thread 0x0000000019025800 Uncommon trap: reason=unstable_if action=reinterpret pc=0x0000000003181090 method=java.util.LinkedHashMap.get(Ljava/lang/Object;)Ljava/lang/Object; @ 20

Classes redefined (0 events):
No events

Internal exceptions (10 events):
Event: 5.681 Thread 0x0000000019025800 Exception <a 'java/lang/ClassNotFoundException': org/gradle/api/internal/ConventionTaskCustomizer> (0x00000000e510f3b8) thrown at [C:\re\workspace\8-2-build-windows-amd64-cygwin\jdk8u172\10810\hotspot\src\share\vm\classfile\systemDictionary.cpp, line 210]
Event: 5.682 Thread 0x0000000019025800 Exception <a 'java/lang/ClassNotFoundException': org/gradle/api/tasks/DeleteCustomizer> (0x00000000e514ae28) thrown at [C:\re\workspace\8-2-build-windows-amd64-cygwin\jdk8u172\10810\hotspot\src\share\vm\classfile\systemDictionary.cpp, line 210]
Event: 5.683 Thread 0x0000000019025800 Exception <a 'java/lang/ClassNotFoundException': org/gradle/api/tasks/Delete_DecoratedCustomizer> (0x00000000e5194d58) thrown at [C:\re\workspace\8-2-build-windows-amd64-cygwin\jdk8u172\10810\hotspot\src\share\vm\classfile\systemDictionary.cpp, line 210]
Event: 5.771 Thread 0x0000000019025800 Exception <a 'java/lang/ClassNotFoundException': build_8uilbarixt3yz0gzm6oltl160BeanInfo> (0x00000000e52e5c68) thrown at [C:\re\workspace\8-2-build-windows-amd64-cygwin\jdk8u172\10810\hotspot\src\share\vm\classfile\systemDictionary.cpp, line 210]
Event: 5.772 Thread 0x0000000019025800 Exception <a 'java/lang/ClassNotFoundException': build_8uilbarixt3yz0gzm6oltl160Customizer> (0x00000000e52f0998) thrown at [C:\re\workspace\8-2-build-windows-amd64-cygwin\jdk8u172\10810\hotspot\src\share\vm\classfile\systemDictionary.cpp, line 210]
Event: 5.779 Thread 0x0000000019025800 Exception <a 'java/lang/ClassNotFoundException': org/gradle/api/internal/plugins/DefaultObjectConfigurationActionBeanInfo> (0x00000000e5392300) thrown at [C:\re\workspace\8-2-build-windows-amd64-cygwin\jdk8u172\10810\hotspot\src\share\vm\classfile\systemD
Event: 5.780 Thread 0x0000000019025800 Exception <a 'java/lang/ClassNotFoundException': org/gradle/api/internal/plugins/DefaultObjectConfigurationActionCustomizer> (0x00000000e53ce628) thrown at [C:\re\workspace\8-2-build-windows-amd64-cygwin\jdk8u172\10810\hotspot\src\share\vm\classfile\syste
Event: 5.960 Thread 0x0000000019025800 Implicit null exception at 0x0000000003255555 to 0x000000000325583d
Event: 6.147 Thread 0x0000000019025800 Exception <a 'sun/nio/fs/WindowsException'> (0x00000000e007c110) thrown at [C:\re\workspace\8-2-build-windows-amd64-cygwin\jdk8u172\10810\hotspot\src\share\vm\prims\jni.cpp, line 709]
Event: 6.331 Thread 0x0000000019025800 Exception <a 'sun/nio/fs/WindowsException'> (0x00000000e0e94678) thrown at [C:\re\workspace\8-2-build-windows-amd64-cygwin\jdk8u172\10810\hotspot\src\share\vm\prims\jni.cpp, line 709]

Events (10 events):
Event: 6.515 loading class org/bouncycastle/operator/OperatorException
Event: 6.515 loading class org/bouncycastle/operator/OperatorException done
Event: 6.515 Thread 0x0000000019025800 Uncommon trap: trap_request=0xffffff65 fr.pc=0x0000000002906ac4
Event: 6.515 Thread 0x0000000019025800 DEOPT PACKING pc=0x0000000002906ac4 sp=0x000000001a6b6890
Event: 6.515 Thread 0x0000000019025800 DEOPT UNPACKING pc=0x00000000027c583b sp=0x000000001a6b67c0 mode 2
Event: 6.516 loading class org/bouncycastle/jce/provider/BouncyCastleProvider
Event: 6.516 loading class org/bouncycastle/jce/provider/BouncyCastleProvider done
Event: 6.535 Thread 0x0000000019025800 Uncommon trap: trap_request=0xffffff65 fr.pc=0x0000000003181090
Event: 6.535 Thread 0x0000000019025800 DEOPT PACKING pc=0x0000000003181090 sp=0x000000001a6b7c30
Event: 6.535 Thread 0x0000000019025800 DEOPT UNPACKING pc=0x00000000027c583b sp=0x000000001a6b7bf0 mode 2


Dynamic libraries:
0x00007ff7a0050000 - 0x00007ff7a0087000 	C:\Program Files\Java\jdk1.8.0_172\bin\java.exe
0x00007ff9ef490000 - 0x00007ff9ef671000 	C:\WINDOWS\SYSTEM32\ntdll.dll
0x00007ff9ecfd0000 - 0x00007ff9ed082000 	C:\WINDOWS\System32\KERNEL32.DLL
0x00007ff9ec090000 - 0x00007ff9ec303000 	C:\WINDOWS\System32\KERNELBASE.dll
0x00007ff9ed300000 - 0x00007ff9ed3a1000 	C:\WINDOWS\System32\ADVAPI32.dll
0x00007ff9ec9c0000 - 0x00007ff9eca5e000 	C:\WINDOWS\System32\msvcrt.dll
0x00007ff9ed7c0000 - 0x00007ff9ed81b000 	C:\WINDOWS\System32\sechost.dll
0x00007ff9ed090000 - 0x00007ff9ed1b4000 	C:\WINDOWS\System32\RPCRT4.dll
0x00007ff9ece40000 - 0x00007ff9ecfd0000 	C:\WINDOWS\System32\USER32.dll
0x00007ff9ec3c0000 - 0x00007ff9ec3e0000 	C:\WINDOWS\System32\win32u.dll
0x00007ff9edf60000 - 0x00007ff9edf88000 	C:\WINDOWS\System32\GDI32.dll
0x00007ff9ec3e0000 - 0x00007ff9ec572000 	C:\WINDOWS\System32\gdi32full.dll
0x00007ff9ebff0000 - 0x00007ff9ec08f000 	C:\WINDOWS\System32\msvcp_win.dll
0x00007ff9ec770000 - 0x00007ff9ec868000 	C:\WINDOWS\System32\ucrtbase.dll
0x00007ff9e5670000 - 0x00007ff9e58d9000 	C:\WINDOWS\WinSxS\amd64_microsoft.windows.common-controls_6595b64144ccf1df_6.0.17134.648_none_fb45a0e93062a6d2\COMCTL32.dll
0x00007ff9ed490000 - 0x00007ff9ed7b2000 	C:\WINDOWS\System32\combase.dll
0x00007ff9ebf70000 - 0x00007ff9ebfea000 	C:\WINDOWS\System32\bcryptPrimitives.dll
0x00007ff9ed3b0000 - 0x00007ff9ed3dd000 	C:\WINDOWS\System32\IMM32.DLL
0x0000000069270000 - 0x0000000069342000 	C:\Program Files\Java\jdk1.8.0_172\jre\bin\msvcr100.dll
0x0000000067bc0000 - 0x0000000068463000 	C:\Program Files\Java\jdk1.8.0_172\jre\bin\server\jvm.dll
0x00007ff9eca60000 - 0x00007ff9eca68000 	C:\WINDOWS\System32\PSAPI.DLL
0x00007ff9e8500000 - 0x00007ff9e8523000 	C:\WINDOWS\SYSTEM32\WINMM.dll
0x00007ff9e6500000 - 0x00007ff9e650a000 	C:\WINDOWS\SYSTEM32\VERSION.dll
0x00007ff9d1590000 - 0x00007ff9d1599000 	C:\WINDOWS\SYSTEM32\WSOCK32.dll
0x00007ff9ef3f0000 - 0x00007ff9ef45c000 	C:\WINDOWS\System32\WS2_32.dll
0x00007ff9e84d0000 - 0x00007ff9e84fa000 	C:\WINDOWS\SYSTEM32\WINMMBASE.dll
0x00007ff9ec310000 - 0x00007ff9ec359000 	C:\WINDOWS\System32\cfgmgr32.dll
0x0000000069260000 - 0x000000006926f000 	C:\Program Files\Java\jdk1.8.0_172\jre\bin\verify.dll
0x0000000069230000 - 0x0000000069259000 	C:\Program Files\Java\jdk1.8.0_172\jre\bin\java.dll
0x0000000069210000 - 0x0000000069226000 	C:\Program Files\Java\jdk1.8.0_172\jre\bin\zip.dll
0x00007ff9edfb0000 - 0x00007ff9ef3f0000 	C:\WINDOWS\System32\SHELL32.dll
0x00007ff9ed3e0000 - 0x00007ff9ed489000 	C:\WINDOWS\System32\shcore.dll
0x00007ff9eb860000 - 0x00007ff9ebf6d000 	C:\WINDOWS\System32\windows.storage.dll
0x00007ff9ede80000 - 0x00007ff9eded1000 	C:\WINDOWS\System32\shlwapi.dll
0x00007ff9eb820000 - 0x00007ff9eb831000 	C:\WINDOWS\System32\kernel.appcore.dll
0x00007ff9eb840000 - 0x00007ff9eb85f000 	C:\WINDOWS\System32\profapi.dll
0x00007ff9eb7a0000 - 0x00007ff9eb7ec000 	C:\WINDOWS\System32\powrprof.dll
0x00007ff9eb810000 - 0x00007ff9eb81a000 	C:\WINDOWS\System32\FLTLIB.DLL
0x00000000691f0000 - 0x000000006920a000 	C:\Program Files\Java\jdk1.8.0_172\jre\bin\net.dll
0x00007ff9eb020000 - 0x00007ff9eb086000 	C:\WINDOWS\system32\mswsock.dll
0x00000000691d0000 - 0x00000000691e1000 	C:\Program Files\Java\jdk1.8.0_172\jre\bin\nio.dll
0x00007ff9d7bc0000 - 0x00007ff9d7bde000 	C:\Users\Farah\.gradle\native\25\windows-amd64\native-platform.dll
0x00000000691c0000 - 0x00000000691cd000 	C:\Program Files\Java\jdk1.8.0_172\jre\bin\management.dll
0x00007ff9eb1e0000 - 0x00007ff9eb1f7000 	C:\WINDOWS\SYSTEM32\CRYPTSP.dll
0x00007ff9eaba0000 - 0x00007ff9eabd3000 	C:\WINDOWS\system32\rsaenh.dll
0x00007ff9eb300000 - 0x00007ff9eb325000 	C:\WINDOWS\SYSTEM32\bcrypt.dll
0x00007ff9eb6a0000 - 0x00007ff9eb6c8000 	C:\WINDOWS\SYSTEM32\USERENV.dll
0x00007ff9eb1d0000 - 0x00007ff9eb1db000 	C:\WINDOWS\SYSTEM32\CRYPTBASE.dll
0x00007ff9ead40000 - 0x00007ff9ead78000 	C:\WINDOWS\SYSTEM32\IPHLPAPI.DLL
0x00007ff9ed9c0000 - 0x00007ff9ed9c8000 	C:\WINDOWS\System32\NSI.dll
0x00007ff9e5f70000 - 0x00007ff9e5f86000 	C:\WINDOWS\SYSTEM32\dhcpcsvc6.DLL
0x00007ff9e60c0000 - 0x00007ff9e60da000 	C:\WINDOWS\SYSTEM32\dhcpcsvc.DLL

VM Arguments:
jvm_args: -Xmx1536m -Dfile.encoding=windows-1256 -Duser.country=US -Duser.language=en -Duser.variant 
java_command: org.gradle.launcher.daemon.bootstrap.GradleDaemon 4.10.1
java_class_path (initial): C:\Users\Farah\.gradle\wrapper\dists\gradle-4.10.1-all\455itskqi2qtf0v2sja68alqd\gradle-4.10.1\lib\gradle-launcher-4.10.1.jar
Launcher Type: SUN_STANDARD

Environment Variables:
PATH=C:\Python37\Scripts\;C:\Python37\;C:\Program Files (x86)\Common Files\Oracle\Java\javapath;C:\Windows\system32;C:\Windows;C:\Windows\System32\Wbem;C:\Windows\System32\WindowsPowerShell\v1.0\;C:\Program Files (x86)\NVIDIA Corporation\PhysX\Common;C:\WINDOWS\system32;C:\WINDOWS;C:\WINDOWS\System32\Wbem;C:\WINDOWS\System32\WindowsPowerShell\v1.0\;C:\WINDOWS\System32\OpenSSH\;C:\Program Files\nodejs\;C:\Program Files\Git\cmd;C:\Program Files\Microsoft\Web Platform Installer\;C:\ProgramData\chocolatey\bin;C:\Users\Farah\AppData\Local\Microsoft\WindowsApps;C:\Program Files\Microsoft VS Code\bin;C:\Users\Farah\AppData\Roaming\npm;C:\Program Files\MongoDB\Server\4.0\bin;C:\Users\Farah\AppData\Local\Android\Sdk\tools;C:\Users\Farah\AppData\Local\Android\Sdk\platform-tools;C:\Users\Farah\AppData\Local\Programs\Microsoft VS Code\bin;C:\Program Files\Java\jdk1.8.0_201\bin;C:\ProgramData\Microsoft\Windows\Start Menu\Programs\Python 3.7;C:\Users\Farah\Desktop\elasticsearch-6.6.0\bin;C:\Users\Farah\Desktop\kibana-6.6.0-windows-x86_64\bin;C:\Users\Farah\AppData\Roaming\npm;
USERNAME=Farah
OS=Windows_NT
PROCESSOR_IDENTIFIER=Intel64 Family 6 Model 142 Stepping 9, GenuineIntel



---------------  S Y S T E M  ---------------

OS: Windows 10.0 , 64 bit Build 17134 (10.0.17134.648)

CPU:total 4 (initial active 4) (2 cores per cpu, 2 threads per core) family 6 model 142 stepping 9, cmov, cx8, fxsr, mmx, sse, sse2, sse3, ssse3, sse4.1, sse4.2, popcnt, avx, avx2, aes, clmul, erms, 3dnowpref, lzcnt, ht, tsc, tscinvbit, bmi1, bmi2, adx

Memory: 4k page, physical 16648932k(5258316k free), swap 18696932k(4132k free)

vm_info: Java HotSpot(TM) 64-Bit Server VM (25.172-b11) for windows-amd64 JRE (1.8.0_172-b11), built on Mar 28 2018 21:21:52 by "java_re" with MS VC++ 10.0 (VS2010)

time: Tue Apr 02 15:07:48 2019
elapsed time: 6 seconds (0d 0h 0m 6s)

